# JRE version: OpenJDK Runtime Environment Temurin-21.0.7+6 (21.0.7+6) (build 21.0.7+6-LTS)
# Java VM: OpenJDK 64-Bit Server VM Temurin-21.0.7+6 (21.0.7+6-LTS, mixed mode, sharing, tiered, compressed oops, compressed class ptrs, parallel gc, windows-amd64)
GC Precious Log:
 CardTable entry size: 512
 CPUs: 6 total, 6 available
 Memory: 7913M
 Large Page Support: Disabled
 NUMA Support: Disabled
 Compressed Oops: Enabled (32-bit)
 Alignments: Space 512K, Generation 512K, Heap 2M
 Heap Min Capacity: 100M
 Heap Initial Capacity: 100M
 Heap Max Capacity: 2G
 Pre-touch: Disabled
 Parallel Workers: 6
Heap:
 PSYoungGen      total 20992K, used 10731K [0x00000000d5580000, 0x00000000d6b00000, 0x0000000100000000)
  eden space 19968K, 50% used [0x00000000d5580000,0x00000000d5f4ad10,0x00000000d6900000)
  from space 1024K, 68% used [0x00000000d6900000,0x00000000d69b0000,0x00000000d6a00000)
  to   space 1024K, 0% used [0x00000000d6a00000,0x00000000d6a00000,0x00000000d6b00000)
 ParOldGen       total 68608K, used 38597K [0x0000000080000000, 0x0000000084300000, 0x00000000d5580000)
  object space 68608K, 56% used [0x0000000080000000,0x00000000825b1610,0x0000000084300000)
 Metaspace       used 62572K, committed 63936K, reserved 1114112K
  class space    used 7711K, committed 8320K, reserved 1048576K
GC Heap History (20 events):
Event: 47.700 GC heap before
{Heap before GC invocations=33 (full 3):
 PSYoungGen      total 20480K, used 20468K [0x00000000d5580000, 0x00000000d6b80000, 0x0000000100000000)
  eden space 19968K, 100% used [0x00000000d5580000,0x00000000d6900000,0x00000000d6900000)
  from space 512K, 97% used [0x00000000d6a80000,0x00000000d6afd0a0,0x00000000d6b00000)
  to   space 512K, 0% used [0x00000000d6b00000,0x00000000d6b00000,0x00000000d6b80000)
 ParOldGen       total 68608K, used 37229K [0x0000000080000000, 0x0000000084300000, 0x00000000d5580000)
  object space 68608K, 54% used [0x0000000080000000,0x000000008245b550,0x0000000084300000)
 Metaspace       used 60594K, committed 61888K, reserved 1114112K
  class space    used 7450K, committed 8064K, reserved 1048576K
}
Event: 47.701 GC heap after
{Heap after GC invocations=33 (full 3):
 PSYoungGen      total 20480K, used 448K [0x00000000d5580000, 0x00000000d6b80000, 0x0000000100000000)
  eden space 19968K, 0% used [0x00000000d5580000,0x00000000d5580000,0x00000000d6900000)
  from space 512K, 87% used [0x00000000d6b00000,0x00000000d6b70000,0x00000000d6b80000)
  to   space 512K, 0% used [0x00000000d6a80000,0x00000000d6a80000,0x00000000d6b00000)
 ParOldGen       total 68608K, used 37391K [0x0000000080000000, 0x0000000084300000, 0x00000000d5580000)
  object space 68608K, 54% used [0x0000000080000000,0x0000000082483d10,0x0000000084300000)
 Metaspace       used 60594K, committed 61888K, reserved 1114112K
  class space    used 7450K, committed 8064K, reserved 1048576K
}
Event: 47.896 GC heap before
{Heap before GC invocations=34 (full 3):
 PSYoungGen      total 20480K, used 20416K [0x00000000d5580000, 0x00000000d6b80000, 0x0000000100000000)
  eden space 19968K, 100% used [0x00000000d5580000,0x00000000d6900000,0x00000000d6900000)
  from space 512K, 87% used [0x00000000d6b00000,0x00000000d6b70000,0x00000000d6b80000)
  to   space 512K, 0% used [0x00000000d6a80000,0x00000000d6a80000,0x00000000d6b00000)
 ParOldGen       total 68608K, used 37391K [0x0000000080000000, 0x0000000084300000, 0x00000000d5580000)
  object space 68608K, 54% used [0x0000000080000000,0x0000000082483d10,0x0000000084300000)
 Metaspace       used 60750K, committed 62080K, reserved 1114112K
  class space    used 7476K, committed 8064K, reserved 1048576K
}
Event: 47.897 GC heap after
{Heap after GC invocations=34 (full 3):
 PSYoungGen      total 20480K, used 495K [0x00000000d5580000, 0x00000000d6c00000, 0x0000000100000000)
  eden space 19968K, 0% used [0x00000000d5580000,0x00000000d5580000,0x00000000d6900000)
  from space 512K, 96% used [0x00000000d6a80000,0x00000000d6afbcd8,0x00000000d6b00000)
  to   space 1024K, 0% used [0x00000000d6b00000,0x00000000d6b00000,0x00000000d6c00000)
 ParOldGen       total 68608K, used 38061K [0x0000000080000000, 0x0000000084300000, 0x00000000d5580000)
  object space 68608K, 55% used [0x0000000080000000,0x000000008252b730,0x0000000084300000)
 Metaspace       used 60750K, committed 62080K, reserved 1114112K
  class space    used 7476K, committed 8064K, reserved 1048576K
}
Event: 48.058 GC heap before
{Heap before GC invocations=35 (full 3):
 PSYoungGen      total 20480K, used 20463K [0x00000000d5580000, 0x00000000d6c00000, 0x0000000100000000)
  eden space 19968K, 100% used [0x00000000d5580000,0x00000000d6900000,0x00000000d6900000)
  from space 512K, 96% used [0x00000000d6a80000,0x00000000d6afbcd8,0x00000000d6b00000)
  to   space 1024K, 0% used [0x00000000d6b00000,0x00000000d6b00000,0x00000000d6c00000)
 ParOldGen       total 68608K, used 38061K [0x0000000080000000, 0x0000000084300000, 0x00000000d5580000)
  object space 68608K, 55% used [0x0000000080000000,0x000000008252b730,0x0000000084300000)
 Metaspace       used 60750K, committed 62080K, reserved 1114112K
  class space    used 7476K, committed 8064K, reserved 1048576K
}
Event: 48.059 GC heap after
{Heap after GC invocations=35 (full 3):
 PSYoungGen      total 20992K, used 1021K [0x00000000d5580000, 0x00000000d6c00000, 0x0000000100000000)
  eden space 19968K, 0% used [0x00000000d5580000,0x00000000d5580000,0x00000000d6900000)
  from space 1024K, 99% used [0x00000000d6b00000,0x00000000d6bff678,0x00000000d6c00000)
  to   space 1536K, 0% used [0x00000000d6900000,0x00000000d6900000,0x00000000d6a80000)
 ParOldGen       total 68608K, used 38297K [0x0000000080000000, 0x0000000084300000, 0x00000000d5580000)
  object space 68608K, 55% used [0x0000000080000000,0x0000000082566520,0x0000000084300000)
 Metaspace       used 60750K, committed 62080K, reserved 1114112K
  class space    used 7476K, committed 8064K, reserved 1048576K
}
Event: 48.231 GC heap before
{Heap before GC invocations=36 (full 3):
 PSYoungGen      total 20992K, used 20989K [0x00000000d5580000, 0x00000000d6c00000, 0x0000000100000000)
  eden space 19968K, 100% used [0x00000000d5580000,0x00000000d6900000,0x00000000d6900000)
  from space 1024K, 99% used [0x00000000d6b00000,0x00000000d6bff678,0x00000000d6c00000)
  to   space 1536K, 0% used [0x00000000d6900000,0x00000000d6900000,0x00000000d6a80000)
 ParOldGen       total 68608K, used 38297K [0x0000000080000000, 0x0000000084300000, 0x00000000d5580000)
  object space 68608K, 55% used [0x0000000080000000,0x0000000082566520,0x0000000084300000)
 Metaspace       used 60750K, committed 62080K, reserved 1114112K
  class space    used 7476K, committed 8064K, reserved 1048576K
}
Event: 48.231 GC heap after
{Heap after GC invocations=36 (full 3):
 PSYoungGen      total 21504K, used 804K [0x00000000d5580000, 0x00000000d6b80000, 0x0000000100000000)
  eden space 19968K, 0% used [0x00000000d5580000,0x00000000d5580000,0x00000000d6900000)
  from space 1536K, 52% used [0x00000000d6900000,0x00000000d69c9178,0x00000000d6a80000)
  to   space 1024K, 0% used [0x00000000d6a80000,0x00000000d6a80000,0x00000000d6b80000)
 ParOldGen       total 68608K, used 38361K [0x0000000080000000, 0x0000000084300000, 0x00000000d5580000)
  object space 68608K, 55% used [0x0000000080000000,0x0000000082576530,0x0000000084300000)
 Metaspace       used 60750K, committed 62080K, reserved 1114112K
  class space    used 7476K, committed 8064K, reserved 1048576K
}
Event: 48.402 GC heap before
{Heap before GC invocations=37 (full 3):
 PSYoungGen      total 21504K, used 20772K [0x00000000d5580000, 0x00000000d6b80000, 0x0000000100000000)
  eden space 19968K, 100% used [0x00000000d5580000,0x00000000d6900000,0x00000000d6900000)
  from space 1536K, 52% used [0x00000000d6900000,0x00000000d69c9178,0x00000000d6a80000)
  to   space 1024K, 0% used [0x00000000d6a80000,0x00000000d6a80000,0x00000000d6b80000)
 ParOldGen       total 68608K, used 38361K [0x0000000080000000, 0x0000000084300000, 0x00000000d5580000)
  object space 68608K, 55% used [0x0000000080000000,0x0000000082576530,0x0000000084300000)
 Metaspace       used 60750K, committed 62080K, reserved 1114112K
  class space    used 7476K, committed 8064K, reserved 1048576K
}
Event: 48.403 GC heap after
{Heap after GC invocations=37 (full 3):
 PSYoungGen      total 20480K, used 331K [0x00000000d5580000, 0x00000000d6b00000, 0x0000000100000000)
  eden space 19968K, 0% used [0x00000000d5580000,0x00000000d5580000,0x00000000d6900000)
  from space 512K, 64% used [0x00000000d6a80000,0x00000000d6ad2d70,0x00000000d6b00000)
  to   space 1024K, 0% used [0x00000000d6900000,0x00000000d6900000,0x00000000d6a00000)
 ParOldGen       total 68608K, used 38401K [0x0000000080000000, 0x0000000084300000, 0x00000000d5580000)
  object space 68608K, 55% used [0x0000000080000000,0x0000000082580530,0x0000000084300000)
 Metaspace       used 60750K, committed 62080K, reserved 1114112K
  class space    used 7476K, committed 8064K, reserved 1048576K
}
Event: 48.536 GC heap before
{Heap before GC invocations=38 (full 3):
 PSYoungGen      total 20480K, used 20299K [0x00000000d5580000, 0x00000000d6b00000, 0x0000000100000000)
  eden space 19968K, 100% used [0x00000000d5580000,0x00000000d6900000,0x00000000d6900000)
  from space 512K, 64% used [0x00000000d6a80000,0x00000000d6ad2d70,0x00000000d6b00000)
  to   space 1024K, 0% used [0x00000000d6900000,0x00000000d6900000,0x00000000d6a00000)
 ParOldGen       total 68608K, used 38401K [0x0000000080000000, 0x0000000084300000, 0x00000000d5580000)
  object space 68608K, 55% used [0x0000000080000000,0x0000000082580530,0x0000000084300000)
 Metaspace       used 60751K, committed 62080K, reserved 1114112K
  class space    used 7476K, committed 8064K, reserved 1048576K
}
Event: 48.538 GC heap after
{Heap after GC invocations=38 (full 3):
 PSYoungGen      total 20992K, used 202K [0x00000000d5580000, 0x00000000d6b00000, 0x0000000100000000)
  eden space 19968K, 0% used [0x00000000d5580000,0x00000000d5580000,0x00000000d6900000)
  from space 1024K, 19% used [0x00000000d6900000,0x00000000d6932970,0x00000000d6a00000)
  to   space 512K, 0% used [0x00000000d6a80000,0x00000000d6a80000,0x00000000d6b00000)
 ParOldGen       total 68608K, used 38417K [0x0000000080000000, 0x0000000084300000, 0x00000000d5580000)
  object space 68608K, 55% used [0x0000000080000000,0x0000000082584530,0x0000000084300000)
 Metaspace       used 60751K, committed 62080K, reserved 1114112K
  class space    used 7476K, committed 8064K, reserved 1048576K
}
Event: 48.721 GC heap before
{Heap before GC invocations=39 (full 3):
 PSYoungGen      total 20992K, used 20170K [0x00000000d5580000, 0x00000000d6b00000, 0x0000000100000000)
  eden space 19968K, 100% used [0x00000000d5580000,0x00000000d6900000,0x00000000d6900000)
  from space 1024K, 19% used [0x00000000d6900000,0x00000000d6932970,0x00000000d6a00000)
  to   space 512K, 0% used [0x00000000d6a80000,0x00000000d6a80000,0x00000000d6b00000)
 ParOldGen       total 68608K, used 38417K [0x0000000080000000, 0x0000000084300000, 0x00000000d5580000)
  object space 68608K, 55% used [0x0000000080000000,0x0000000082584530,0x0000000084300000)
 Metaspace       used 60751K, committed 62080K, reserved 1114112K
  class space    used 7476K, committed 8064K, reserved 1048576K
}
Event: 48.722 GC heap after
{Heap after GC invocations=39 (full 3):
 PSYoungGen      total 20480K, used 491K [0x00000000d5580000, 0x00000000d6b00000, 0x0000000100000000)
  eden space 19968K, 0% used [0x00000000d5580000,0x00000000d5580000,0x00000000d6900000)
  from space 512K, 96% used [0x00000000d6a80000,0x00000000d6afafe0,0x00000000d6b00000)
  to   space 1024K, 0% used [0x00000000d6900000,0x00000000d6900000,0x00000000d6a00000)
 ParOldGen       total 68608K, used 38485K [0x0000000080000000, 0x0000000084300000, 0x00000000d5580000)
  object space 68608K, 56% used [0x0000000080000000,0x0000000082595600,0x0000000084300000)
 Metaspace       used 60751K, committed 62080K, reserved 1114112K
  class space    used 7476K, committed 8064K, reserved 1048576K
}
Event: 48.914 GC heap before
{Heap before GC invocations=40 (full 3):
 PSYoungGen      total 20480K, used 20454K [0x00000000d5580000, 0x00000000d6b00000, 0x0000000100000000)
  eden space 19968K, 99% used [0x00000000d5580000,0x00000000d68feaf8,0x00000000d6900000)
  from space 512K, 96% used [0x00000000d6a80000,0x00000000d6afafe0,0x00000000d6b00000)
  to   space 1024K, 0% used [0x00000000d6900000,0x00000000d6900000,0x00000000d6a00000)
 ParOldGen       total 68608K, used 38485K [0x0000000080000000, 0x0000000084300000, 0x00000000d5580000)
  object space 68608K, 56% used [0x0000000080000000,0x0000000082595600,0x0000000084300000)
 Metaspace       used 60751K, committed 62080K, reserved 1114112K
  class space    used 7476K, committed 8064K, reserved 1048576K
}
Event: 48.914 GC heap after
{Heap after GC invocations=40 (full 3):
 PSYoungGen      total 20992K, used 982K [0x00000000d5580000, 0x00000000d6c00000, 0x0000000100000000)
  eden space 19968K, 0% used [0x00000000d5580000,0x00000000d5580000,0x00000000d6900000)
  from space 1024K, 95% used [0x00000000d6900000,0x00000000d69f5800,0x00000000d6a00000)
  to   space 1536K, 0% used [0x00000000d6a80000,0x00000000d6a80000,0x00000000d6c00000)
 ParOldGen       total 68608K, used 38541K [0x0000000080000000, 0x0000000084300000, 0x00000000d5580000)
  object space 68608K, 56% used [0x0000000080000000,0x00000000825a3610,0x0000000084300000)
 Metaspace       used 60751K, committed 62080K, reserved 1114112K
  class space    used 7476K, committed 8064K, reserved 1048576K
}
Event: 49.059 GC heap before
{Heap before GC invocations=41 (full 3):
 PSYoungGen      total 20992K, used 20950K [0x00000000d5580000, 0x00000000d6c00000, 0x0000000100000000)
  eden space 19968K, 100% used [0x00000000d5580000,0x00000000d6900000,0x00000000d6900000)
  from space 1024K, 95% used [0x00000000d6900000,0x00000000d69f5800,0x00000000d6a00000)
  to   space 1536K, 0% used [0x00000000d6a80000,0x00000000d6a80000,0x00000000d6c00000)
 ParOldGen       total 68608K, used 38541K [0x0000000080000000, 0x0000000084300000, 0x00000000d5580000)
  object space 68608K, 56% used [0x0000000080000000,0x00000000825a3610,0x0000000084300000)
 Metaspace       used 60751K, committed 62080K, reserved 1114112K
  class space    used 7476K, committed 8064K, reserved 1048576K
}
Event: 49.061 GC heap after
{Heap after GC invocations=41 (full 3):
 PSYoungGen      total 21504K, used 1145K [0x00000000d5580000, 0x00000000d6c00000, 0x0000000100000000)
  eden space 19968K, 0% used [0x00000000d5580000,0x00000000d5580000,0x00000000d6900000)
  from space 1536K, 74% used [0x00000000d6a80000,0x00000000d6b9e608,0x00000000d6c00000)
  to   space 1536K, 0% used [0x00000000d6900000,0x00000000d6900000,0x00000000d6a80000)
 ParOldGen       total 68608K, used 38565K [0x0000000080000000, 0x0000000084300000, 0x00000000d5580000)
  object space 68608K, 56% used [0x0000000080000000,0x00000000825a9610,0x0000000084300000)
 Metaspace       used 60751K, committed 62080K, reserved 1114112K
  class space    used 7476K, committed 8064K, reserved 1048576K
}
Event: 50.000 GC heap before
{Heap before GC invocations=42 (full 3):
 PSYoungGen      total 21504K, used 21113K [0x00000000d5580000, 0x00000000d6c00000, 0x0000000100000000)
  eden space 19968K, 100% used [0x00000000d5580000,0x00000000d6900000,0x00000000d6900000)
  from space 1536K, 74% used [0x00000000d6a80000,0x00000000d6b9e608,0x00000000d6c00000)
  to   space 1536K, 0% used [0x00000000d6900000,0x00000000d6900000,0x00000000d6a80000)
 ParOldGen       total 68608K, used 38565K [0x0000000080000000, 0x0000000084300000, 0x00000000d5580000)
  object space 68608K, 56% used [0x0000000080000000,0x00000000825a9610,0x0000000084300000)
 Metaspace       used 62170K, committed 63488K, reserved 1114112K
  class space    used 7687K, committed 8256K, reserved 1048576K
}
Event: 50.001 GC heap after
{Heap after GC invocations=42 (full 3):
 PSYoungGen      total 20992K, used 704K [0x00000000d5580000, 0x00000000d6b00000, 0x0000000100000000)
  eden space 19968K, 0% used [0x00000000d5580000,0x00000000d5580000,0x00000000d6900000)
  from space 1024K, 68% used [0x00000000d6900000,0x00000000d69b0000,0x00000000d6a00000)
  to   space 1024K, 0% used [0x00000000d6a00000,0x00000000d6a00000,0x00000000d6b00000)
 ParOldGen       total 68608K, used 38597K [0x0000000080000000, 0x0000000084300000, 0x00000000d5580000)
  object space 68608K, 56% used [0x0000000080000000,0x00000000825b1610,0x0000000084300000)
 Metaspace       used 62170K, committed 63488K, reserved 1114112K
  class space    used 7687K, committed 8256K, reserved 1048576K
}

